


ARM Macro Assembler    Page 1 


    1 00000000         #line   1                "C:\\Users\\User\\AppData\\Loca
l\\Arm\\Packs\\Milandr\\MDR32FxQI\\1.3.2\\Libraries\\SPL\\MDR32FxQI\\src\\MDR32
FxQI_asm.S"
    1 00000000         ;
    2 00000000         
    3 00000000         
    4 00000000         
    5 00000000         
    6 00000000         
    7 00000000         
    8 00000000         
    9 00000000         
   10 00000000         
   11 00000000         
   12 00000000         
   13 00000000         
   14 00000000         
   15 00000000         
   16 00000000         
   17 00000000         
   18 00000000         
   19 00000000         
   20 00000000         
   21 00000000         
   22 00000000         
   23 00000000         
   24 00000000         
   25 00000000         
   26 00000000         #line   38               "C:\\Users\\User\\AppData\\Loca
l\\Arm\\Packs\\Milandr\\MDR32FxQI\\1.3.2\\Libraries\\SPL\\MDR32FxQI\\src\\MDR32
FxQI_asm.S"
   38 00000000         
   39 00000000                 AREA             |EXECUTABLE_MEMORY_SECTION|, CO
DE, READONLY, ALIGN=2
   40 00000000         
   41 00000000                 THUMB
   42 00000000         
   43 00000000         ;
   44 00000000         
   45 00000000         
   46 00000000         
   47 00000000         
   48 00000000         
   49 00000000         
   50 00000000         
   51 00000000         EEPROM_UpdateDCacheAsm
                               PROC
   52 00000000                 EXPORT           EEPROM_UpdateDCacheAsm
   53 00000000         
   54 00000000 2050            MOVS             r0,#0x50    ; r0 = 0x00000050
   55 00000002 BF00            NOP                          ; Align next LDR in
                                                            struction
   56 00000004         EEPROM_ReadFlash
   57 00000004 6801            LDR              r1,[r0,#0x00] ; Read EEPROM
   58 00000006 3810            SUBS             r0,r0,#0x10 ; r0 -= 0x10
   59 00000008 2800            CMP              r0,#0x00
   60 0000000A D1FB            BNE              EEPROM_ReadFlash
   61 0000000C         
   62 0000000C 4770            BX               LR



ARM Macro Assembler    Page 2 


   63 0000000E                 ENDP
   64 0000000E         
   65 0000000E 00 00           ALIGN
   66 00000010         
   67 00000010         ;
   68 00000010         
   69 00000010         
   70 00000010         
   71 00000010         
   72 00000010         
   73 00000010         DELAY_PROGRAM_WaitLoopsAsm
                               PROC
   74 00000010         
   75 00000010                 EXPORT           DELAY_PROGRAM_WaitLoopsAsm
   76 00000010         
   77 00000010 2800            CMP              r0,#0x00
   78 00000012 D001            BEQ              DELAY_PROGRAM_Exit
   79 00000014         
   80 00000014         DELAY_PROGRAM_Loop
   81 00000014 1E40            SUBS             r0,r0,#1
   82 00000016 D1FD            BNE              DELAY_PROGRAM_Loop
   83 00000018         
   84 00000018         DELAY_PROGRAM_Exit
   85 00000018 4770            BX               LR
   86 0000001A                 ENDP
   87 0000001A         
   88 0000001A                 END
Command Line: --debug --xref --cpreproc --diag_suppress=9931 --cpu=Cortex-M1 --
apcs=interwork --depend=.\objects\mdr32fxqi_asm.d -o.\objects\mdr32fxqi_asm.o -
I.\RTE\Device\K1986VE1xI -I.\RTE\_Target_1 -IC:\Users\User\AppData\Local\Arm\Pa
cks\Milandr\MDR32FxQI\1.3.2\Libraries\CMSIS\MDR32FxQI\CoreSupport\CM1 -IC:\User
s\User\AppData\Local\Arm\Packs\Milandr\MDR32FxQI\1.3.2\Libraries\CMSIS\MDR32FxQ
I\DeviceSupport\K1986VE1xI\inc -IC:\Users\User\AppData\Local\Arm\Packs\Milandr\
MDR32FxQI\1.3.2\Libraries\SPL\MDR32FxQI\inc -IC:\Keil_v5\ARM\CMSIS\Include --pr
edefine="__UVISION_VERSION SETA 528" --predefine="_RTE_ SETA 1" --list=.\listin
gs\mdr32fxqi_asm.lst C:\Users\User\AppData\Local\Arm\Packs\Milandr\MDR32FxQI\1.
3.2\Libraries\SPL\MDR32FxQI\src\MDR32FxQI_asm.S



ARM Macro Assembler    Page 1 Alphabetic symbol ordering
Relocatable symbols

DELAY_PROGRAM_Exit 00000018

Symbol: DELAY_PROGRAM_Exit
   Definitions
      At line 84 in file C:\\Users\\User\\AppData\\Local\\Arm\\Packs\\Milandr\\
MDR32FxQI\\1.3.2\\Libraries\\SPL\\MDR32FxQI\\src\\MDR32FxQI_asm.S
   Uses
      At line 78 in file C:\\Users\\User\\AppData\\Local\\Arm\\Packs\\Milandr\\
MDR32FxQI\\1.3.2\\Libraries\\SPL\\MDR32FxQI\\src\\MDR32FxQI_asm.S
Comment: DELAY_PROGRAM_Exit used once
DELAY_PROGRAM_Loop 00000014

Symbol: DELAY_PROGRAM_Loop
   Definitions
      At line 80 in file C:\\Users\\User\\AppData\\Local\\Arm\\Packs\\Milandr\\
MDR32FxQI\\1.3.2\\Libraries\\SPL\\MDR32FxQI\\src\\MDR32FxQI_asm.S
   Uses
      At line 82 in file C:\\Users\\User\\AppData\\Local\\Arm\\Packs\\Milandr\\
MDR32FxQI\\1.3.2\\Libraries\\SPL\\MDR32FxQI\\src\\MDR32FxQI_asm.S
Comment: DELAY_PROGRAM_Loop used once
DELAY_PROGRAM_WaitLoopsAsm 00000010

Symbol: DELAY_PROGRAM_WaitLoopsAsm
   Definitions
      At line 73 in file C:\\Users\\User\\AppData\\Local\\Arm\\Packs\\Milandr\\
MDR32FxQI\\1.3.2\\Libraries\\SPL\\MDR32FxQI\\src\\MDR32FxQI_asm.S
   Uses
      At line 75 in file C:\\Users\\User\\AppData\\Local\\Arm\\Packs\\Milandr\\
MDR32FxQI\\1.3.2\\Libraries\\SPL\\MDR32FxQI\\src\\MDR32FxQI_asm.S
Comment: DELAY_PROGRAM_WaitLoopsAsm used once
EEPROM_ReadFlash 00000004

Symbol: EEPROM_ReadFlash
   Definitions
      At line 56 in file C:\\Users\\User\\AppData\\Local\\Arm\\Packs\\Milandr\\
MDR32FxQI\\1.3.2\\Libraries\\SPL\\MDR32FxQI\\src\\MDR32FxQI_asm.S
   Uses
      At line 60 in file C:\\Users\\User\\AppData\\Local\\Arm\\Packs\\Milandr\\
MDR32FxQI\\1.3.2\\Libraries\\SPL\\MDR32FxQI\\src\\MDR32FxQI_asm.S
Comment: EEPROM_ReadFlash used once
EEPROM_UpdateDCacheAsm 00000000

Symbol: EEPROM_UpdateDCacheAsm
   Definitions
      At line 51 in file C:\\Users\\User\\AppData\\Local\\Arm\\Packs\\Milandr\\
MDR32FxQI\\1.3.2\\Libraries\\SPL\\MDR32FxQI\\src\\MDR32FxQI_asm.S
   Uses
      At line 52 in file C:\\Users\\User\\AppData\\Local\\Arm\\Packs\\Milandr\\
MDR32FxQI\\1.3.2\\Libraries\\SPL\\MDR32FxQI\\src\\MDR32FxQI_asm.S
Comment: EEPROM_UpdateDCacheAsm used once
EXECUTABLE_MEMORY_SECTION 00000000

Symbol: EXECUTABLE_MEMORY_SECTION
   Definitions
      At line 39 in file C:\\Users\\User\\AppData\\Local\\Arm\\Packs\\Milandr\\
MDR32FxQI\\1.3.2\\Libraries\\SPL\\MDR32FxQI\\src\\MDR32FxQI_asm.S
   Uses
      None
Comment: EXECUTABLE_MEMORY_SECTION unused



ARM Macro Assembler    Page 2 Alphabetic symbol ordering
Relocatable symbols

6 symbols
338 symbols in table
